<?xml version="1.0" encoding="UTF-8"?>
<testsuite name="prueba.TestPrueba" tests="1" skipped="0" failures="0" errors="0" timestamp="2023-10-04T17:16:21" hostname="ASUSALEXIA" time="0.012">
  <properties/>
  <testcase name="prueba()" classname="prueba.TestPrueba" time="0.012"/>
  <system-out><![CDATA[]]></system-out>
  <system-err><![CDATA[]]></system-err>
</testsuite>
